04ee852a-8d41-4984-9eff-06e01a695625 tsievers@idefix051:~/V_2.0.mu_-0.5.80205/ds timestamp=1720641310.997472912s
0f8346ed-b5d2-48af-aea3-dff32c99c5eb cluster-storage timestamp=1720434344.371277045s
138a17c4-c320-4a25-a8e2-e318bd826e5b tsievers@idefix903:~/V_1.0.mu_-1.0.76890/ds timestamp=1720526234.443076914s
23163e01-7cac-43f4-b73c-1008552d3363 tjark@th1-2023-dub04:~/Projects/quantum-metric-computations timestamp=1720434320.000278811s
34b09096-806a-49a9-bd03-29f620a80fd4 tsievers@idefix051:~/V_2.0.mu_-2.0.80206/ds timestamp=1720641288.071897661s
44c836fa-3f69-40b8-8f14-fb50859d6aae tsievers@idefix905:~/V_2.0.mu_-0.5.73775/ds timestamp=1720436360.553915192s
44d86603-86e3-4e53-91a7-9718ba4fb343 tsievers@idefix904:~/V_2.0.mu_0.0.76892/ds timestamp=1720526262.09949444s
4c2d1fbb-e517-4bdc-8199-f9cf382a9d3d tsievers@idefix050:~/V_1.0.mu_-0.5.80202/ds timestamp=1720641314.307804987s
6816295b-4f89-40ee-b4ab-80325d4d1b99 tsievers@idefix050:~/V_10.0.mu_-5.0.80090/ds timestamp=1720635906.217866213s
6e140af6-2e03-45a6-88dc-592e15c9aa62 tsievers@idefix050:~/V_10.0.mu_0.0.80089/ds timestamp=1720635898.602218243s
703e0e97-035d-4158-a2e5-10bb28c47763 tsievers@idefix050:~/V_1.0.mu_-1.0.80931/ds timestamp=1720676470.992676689s
7d385018-6108-4dbe-9c7e-df8ac47a59de tjark@Tjarks-MacBook-Pro.local:~/Projects/Research/quant-met-computations timestamp=1720603665s
8a5e90b8-e882-407f-8b05-bdc06d216e7a tsievers@idefix901:~/V_1.0.mu_0.0.73770/ds timestamp=1720436325.623152312s
90cd2a76-e240-4c12-8ab3-abf823eec914 tsievers@idefix903:~/V_1.0.mu_-1.0.73772/ds timestamp=1720436330.30280674s
97153483-a759-4fe8-b9ba-8315bfe2ddda tsievers@idefix905:~/V_2.0.mu_-0.5.76893/ds timestamp=1720526262.87698933s
a1fe8d86-7323-4148-83fd-eb19a75f9238 tsievers@idefix053:~/V_10.0.mu_-10.2.80209/ds timestamp=1720641292.918559189s
b353619e-45d5-4b30-b13c-1a0b96f9fabf tsievers@idefix906:~/V_2.0.mu_-2.0.76894/ds timestamp=1720526259.69944193s
b471dedc-a0ce-440d-89df-85dcd6a56aaa tsievers@idefix050:~/V_10.0.mu_-10.2.80092/ds timestamp=1720635925.774026797s
c0d718d6-ed5f-45b4-9839-38471ba4e1ac tsievers@idefix901:~/V_2.0.mu_-1.0.73735/ds timestamp=1720434660.104754228s
c33bc100-3c1b-4eb1-88dc-bf534bd94c68 tsievers@idefix902:~/V_1.0.mu_-0.5.73771/ds timestamp=1720436330.171394483s
d4f94afd-47c3-4292-89ed-333f249128e4 tsievers@idefix052:~/V_10.0.mu_-0.0.80207/ds timestamp=1720641295.667592815s
d7f5163c-9b0e-477b-8df2-0dc833f9dbe3 tsievers@idefix901:~/V_1.0.mu_0.0.76888/ds timestamp=1720526231.342350671s
db0bfd1a-da25-4fa2-9be5-8a777838041c tsievers@idefix902:~/V_1.0.mu_-0.5.76889/ds timestamp=1720526233.139597811s
e34a1c95-6e75-4bc4-b1a8-dd6d22536783 tsievers@compile22-intel-1:~/quant-met-computations timestamp=1720434373.480359435s
e7fcb582-1b5d-4695-8dbe-ca7e918d10e4 tsievers@idefix904:~/V_2.0.mu_0.0.73773/ds timestamp=1720436330.104096732s
f00e76f0-e8be-4a32-a10e-e8d13f2c81dd tsievers@idefix052:~/V_10.0.mu_-5.0.80208/ds timestamp=1720641283.913297132s
f0ef36b0-14e1-4846-b37a-2e9e393f3659 tsievers@idefix906:~/V_2.0.mu_-2.0.73776/ds timestamp=1720436361.05678812s
fa4c0149-2648-4277-8ea8-57b0e60c83cc tsievers@idefix050:~/V_1.0.mu_-1.0.80203/ds timestamp=1720641290.042087297s
